<?xml version="1.0" encoding="UTF-8"?>
<testng-results skipped="0" failed="0" total="1" passed="1">
  <reporter-output>
  </reporter-output>
  <suite name="suite1" duration-ms="14" started-at="2019-03-26T01:53:51Z" finished-at="2019-03-26T01:53:51Z">
    <groups>
    </groups>
    <test name="test1" duration-ms="14" started-at="2019-03-26T01:53:51Z" finished-at="2019-03-26T01:53:51Z">
      <class name="testng.OrderOfExecution">
        <test-method status="PASS" signature="suit1()[pri:0, instance:testng.OrderOfExecution@4ca8195f]" name="suit1" is-config="true" duration-ms="22" started-at="2019-03-26T07:23:51Z" finished-at="2019-03-26T07:23:51Z">
          <reporter-output>
          </reporter-output>
        </test-method> <!-- suit1 -->
        <test-method status="PASS" signature="test1()[pri:0, instance:testng.OrderOfExecution@4ca8195f]" name="test1" is-config="true" duration-ms="1" started-at="2019-03-26T07:23:51Z" finished-at="2019-03-26T07:23:51Z">
          <reporter-output>
          </reporter-output>
        </test-method> <!-- test1 -->
        <test-method status="PASS" signature="bclass1()[pri:0, instance:testng.OrderOfExecution@4ca8195f]" name="bclass1" is-config="true" duration-ms="1" started-at="2019-03-26T07:23:51Z" finished-at="2019-03-26T07:23:51Z">
          <reporter-output>
          </reporter-output>
        </test-method> <!-- bclass1 -->
        <test-method status="PASS" signature="bmethod1()[pri:0, instance:testng.OrderOfExecution@4ca8195f]" name="bmethod1" is-config="true" duration-ms="1" started-at="2019-03-26T07:23:51Z" finished-at="2019-03-26T07:23:51Z">
          <reporter-output>
          </reporter-output>
        </test-method> <!-- bmethod1 -->
        <test-method status="PASS" signature="amethod1()[pri:0, instance:testng.OrderOfExecution@4ca8195f]" name="amethod1" is-config="true" duration-ms="1" started-at="2019-03-26T07:23:51Z" finished-at="2019-03-26T07:23:51Z">
          <reporter-output>
          </reporter-output>
        </test-method> <!-- amethod1 -->
        <test-method status="PASS" signature="mytest2()[pri:0, instance:testng.OrderOfExecution@4ca8195f]" name="mytest2" duration-ms="0" started-at="2019-03-26T07:23:51Z" finished-at="2019-03-26T07:23:51Z">
          <reporter-output>
          </reporter-output>
        </test-method> <!-- mytest2 -->
        <test-method status="PASS" signature="aclass1()[pri:0, instance:testng.OrderOfExecution@4ca8195f]" name="aclass1" is-config="true" duration-ms="0" started-at="2019-03-26T07:23:51Z" finished-at="2019-03-26T07:23:51Z">
          <reporter-output>
          </reporter-output>
        </test-method> <!-- aclass1 -->
        <test-method status="PASS" signature="atest1()[pri:0, instance:testng.OrderOfExecution@4ca8195f]" name="atest1" is-config="true" duration-ms="0" started-at="2019-03-26T07:23:51Z" finished-at="2019-03-26T07:23:51Z">
          <reporter-output>
          </reporter-output>
        </test-method> <!-- atest1 -->
        <test-method status="PASS" signature="afterSuit1()[pri:0, instance:testng.OrderOfExecution@4ca8195f]" name="afterSuit1" is-config="true" duration-ms="2" started-at="2019-03-26T07:23:51Z" finished-at="2019-03-26T07:23:51Z">
          <reporter-output>
          </reporter-output>
        </test-method> <!-- afterSuit1 -->
      </class> <!-- testng.OrderOfExecution -->
    </test> <!-- test1 -->
  </suite> <!-- suite1 -->
</testng-results>
